Determining if the pthread_create exist failed with the following output:
Change Dir: /home/ted/ROS/sandbox/obstacle_avoid/build/CMakeFiles/CMakeTmp

Run Build Command:"/usr/bin/make" "cmTC_64f8a/fast"
make[1]: Entering directory '/home/ted/ROS/sandbox/obstacle_avoid/build/CMakeFiles/CMakeTmp'
/usr/bin/make -f CMakeFiles/cmTC_64f8a.dir/build.make CMakeFiles/cmTC_64f8a.dir/build
make[2]: Entering directory '/home/ted/ROS/sandbox/obstacle_avoid/build/CMakeFiles/CMakeTmp'
Building C object CMakeFiles/cmTC_64f8a.dir/CheckSymbolExists.c.o
/usr/bin/cc    -o CMakeFiles/cmTC_64f8a.dir/CheckSymbolExists.c.o   -c /home/ted/ROS/sandbox/obstacle_avoid/build/CMakeFiles/CMakeTmp/CheckSymbolExists.c
Linking C executable cmTC_64f8a
/usr/bin/cmake -E cmake_link_script CMakeFiles/cmTC_64f8a.dir/link.txt --verbose=1
/usr/bin/cc      -rdynamic CMakeFiles/cmTC_64f8a.dir/CheckSymbolExists.c.o  -o cmTC_64f8a 
CMakeFiles/cmTC_64f8a.dir/CheckSymbolExists.c.o: In function `main':
CheckSymbolExists.c:(.text+0x1b): undefined reference to `pthread_create'
collect2: error: ld returned 1 exit status
CMakeFiles/cmTC_64f8a.dir/build.make:97: recipe for target 'cmTC_64f8a' failed
make[2]: *** [cmTC_64f8a] Error 1
make[2]: Leaving directory '/home/ted/ROS/sandbox/obstacle_avoid/build/CMakeFiles/CMakeTmp'
Makefile:126: recipe for target 'cmTC_64f8a/fast' failed
make[1]: *** [cmTC_64f8a/fast] Error 2
make[1]: Leaving directory '/home/ted/ROS/sandbox/obstacle_avoid/build/CMakeFiles/CMakeTmp'

File /home/ted/ROS/sandbox/obstacle_avoid/build/CMakeFiles/CMakeTmp/CheckSymbolExists.c:
/* */
#include <pthread.h>

int main(int argc, char** argv)
{
  (void)argv;
#ifndef pthread_create
  return ((int*)(&pthread_create))[argc];
#else
  (void)argc;
  return 0;
#endif
}

Determining if the function pthread_create exists in the pthreads failed with the following output:
Change Dir: /home/ted/ROS/sandbox/obstacle_avoid/build/CMakeFiles/CMakeTmp

Run Build Command:"/usr/bin/make" "cmTC_511df/fast"
make[1]: Entering directory '/home/ted/ROS/sandbox/obstacle_avoid/build/CMakeFiles/CMakeTmp'
/usr/bin/make -f CMakeFiles/cmTC_511df.dir/build.make CMakeFiles/cmTC_511df.dir/build
make[2]: Entering directory '/home/ted/ROS/sandbox/obstacle_avoid/build/CMakeFiles/CMakeTmp'
Building C object CMakeFiles/cmTC_511df.dir/CheckFunctionExists.c.o
/usr/bin/cc   -DCHECK_FUNCTION_EXISTS=pthread_create   -o CMakeFiles/cmTC_511df.dir/CheckFunctionExists.c.o   -c /usr/share/cmake-3.10/Modules/CheckFunctionExists.c
Linking C executable cmTC_511df
/usr/bin/cmake -E cmake_link_script CMakeFiles/cmTC_511df.dir/link.txt --verbose=1
/usr/bin/cc  -DCHECK_FUNCTION_EXISTS=pthread_create    -rdynamic CMakeFiles/cmTC_511df.dir/CheckFunctionExists.c.o  -o cmTC_511df -lpthreads 
/usr/bin/x86_64-linux-gnu-ld: cannot find -lpthreads
collect2: error: ld returned 1 exit status
CMakeFiles/cmTC_511df.dir/build.make:97: recipe for target 'cmTC_511df' failed
make[2]: *** [cmTC_511df] Error 1
make[2]: Leaving directory '/home/ted/ROS/sandbox/obstacle_avoid/build/CMakeFiles/CMakeTmp'
Makefile:126: recipe for target 'cmTC_511df/fast' failed
make[1]: *** [cmTC_511df/fast] Error 2
make[1]: Leaving directory '/home/ted/ROS/sandbox/obstacle_avoid/build/CMakeFiles/CMakeTmp'


