Determining if the pthread_create exist failed with the following output:
Change Dir: /home/ted/ROS/sandbox/beginner_tutorials/build/CMakeFiles/CMakeTmp

Run Build Command:"/usr/bin/make" "cmTC_8e6f0/fast"
make[1]: Entering directory '/home/ted/ROS/sandbox/beginner_tutorials/build/CMakeFiles/CMakeTmp'
/usr/bin/make -f CMakeFiles/cmTC_8e6f0.dir/build.make CMakeFiles/cmTC_8e6f0.dir/build
make[2]: Entering directory '/home/ted/ROS/sandbox/beginner_tutorials/build/CMakeFiles/CMakeTmp'
Building C object CMakeFiles/cmTC_8e6f0.dir/CheckSymbolExists.c.o
/usr/bin/cc    -o CMakeFiles/cmTC_8e6f0.dir/CheckSymbolExists.c.o   -c /home/ted/ROS/sandbox/beginner_tutorials/build/CMakeFiles/CMakeTmp/CheckSymbolExists.c
Linking C executable cmTC_8e6f0
/usr/bin/cmake -E cmake_link_script CMakeFiles/cmTC_8e6f0.dir/link.txt --verbose=1
/usr/bin/cc      -rdynamic CMakeFiles/cmTC_8e6f0.dir/CheckSymbolExists.c.o  -o cmTC_8e6f0 
CMakeFiles/cmTC_8e6f0.dir/CheckSymbolExists.c.o: In function `main':
CheckSymbolExists.c:(.text+0x1b): undefined reference to `pthread_create'
collect2: error: ld returned 1 exit status
CMakeFiles/cmTC_8e6f0.dir/build.make:97: recipe for target 'cmTC_8e6f0' failed
make[2]: *** [cmTC_8e6f0] Error 1
make[2]: Leaving directory '/home/ted/ROS/sandbox/beginner_tutorials/build/CMakeFiles/CMakeTmp'
Makefile:126: recipe for target 'cmTC_8e6f0/fast' failed
make[1]: *** [cmTC_8e6f0/fast] Error 2
make[1]: Leaving directory '/home/ted/ROS/sandbox/beginner_tutorials/build/CMakeFiles/CMakeTmp'

File /home/ted/ROS/sandbox/beginner_tutorials/build/CMakeFiles/CMakeTmp/CheckSymbolExists.c:
/* */
#include <pthread.h>

int main(int argc, char** argv)
{
  (void)argv;
#ifndef pthread_create
  return ((int*)(&pthread_create))[argc];
#else
  (void)argc;
  return 0;
#endif
}

Determining if the function pthread_create exists in the pthreads failed with the following output:
Change Dir: /home/ted/ROS/sandbox/beginner_tutorials/build/CMakeFiles/CMakeTmp

Run Build Command:"/usr/bin/make" "cmTC_ff51d/fast"
make[1]: Entering directory '/home/ted/ROS/sandbox/beginner_tutorials/build/CMakeFiles/CMakeTmp'
/usr/bin/make -f CMakeFiles/cmTC_ff51d.dir/build.make CMakeFiles/cmTC_ff51d.dir/build
make[2]: Entering directory '/home/ted/ROS/sandbox/beginner_tutorials/build/CMakeFiles/CMakeTmp'
Building C object CMakeFiles/cmTC_ff51d.dir/CheckFunctionExists.c.o
/usr/bin/cc   -DCHECK_FUNCTION_EXISTS=pthread_create   -o CMakeFiles/cmTC_ff51d.dir/CheckFunctionExists.c.o   -c /usr/share/cmake-3.10/Modules/CheckFunctionExists.c
Linking C executable cmTC_ff51d
/usr/bin/cmake -E cmake_link_script CMakeFiles/cmTC_ff51d.dir/link.txt --verbose=1
/usr/bin/cc  -DCHECK_FUNCTION_EXISTS=pthread_create    -rdynamic CMakeFiles/cmTC_ff51d.dir/CheckFunctionExists.c.o  -o cmTC_ff51d -lpthreads 
/usr/bin/x86_64-linux-gnu-ld: cannot find -lpthreads
collect2: error: ld returned 1 exit status
CMakeFiles/cmTC_ff51d.dir/build.make:97: recipe for target 'cmTC_ff51d' failed
make[2]: *** [cmTC_ff51d] Error 1
make[2]: Leaving directory '/home/ted/ROS/sandbox/beginner_tutorials/build/CMakeFiles/CMakeTmp'
Makefile:126: recipe for target 'cmTC_ff51d/fast' failed
make[1]: *** [cmTC_ff51d/fast] Error 2
make[1]: Leaving directory '/home/ted/ROS/sandbox/beginner_tutorials/build/CMakeFiles/CMakeTmp'


