Determining if the pthread_create exist failed with the following output:
Change Dir: /home/ted/ROS/sandbox/sample_action_server/build/CMakeFiles/CMakeTmp

Run Build Command:"/usr/bin/make" "cmTC_0c24b/fast"
make[1]: Entering directory '/home/ted/ROS/sandbox/sample_action_server/build/CMakeFiles/CMakeTmp'
/usr/bin/make -f CMakeFiles/cmTC_0c24b.dir/build.make CMakeFiles/cmTC_0c24b.dir/build
make[2]: Entering directory '/home/ted/ROS/sandbox/sample_action_server/build/CMakeFiles/CMakeTmp'
Building C object CMakeFiles/cmTC_0c24b.dir/CheckSymbolExists.c.o
/usr/bin/cc    -o CMakeFiles/cmTC_0c24b.dir/CheckSymbolExists.c.o   -c /home/ted/ROS/sandbox/sample_action_server/build/CMakeFiles/CMakeTmp/CheckSymbolExists.c
Linking C executable cmTC_0c24b
/usr/bin/cmake -E cmake_link_script CMakeFiles/cmTC_0c24b.dir/link.txt --verbose=1
/usr/bin/cc      -rdynamic CMakeFiles/cmTC_0c24b.dir/CheckSymbolExists.c.o  -o cmTC_0c24b 
CMakeFiles/cmTC_0c24b.dir/CheckSymbolExists.c.o: In function `main':
CheckSymbolExists.c:(.text+0x1b): undefined reference to `pthread_create'
collect2: error: ld returned 1 exit status
CMakeFiles/cmTC_0c24b.dir/build.make:97: recipe for target 'cmTC_0c24b' failed
make[2]: *** [cmTC_0c24b] Error 1
make[2]: Leaving directory '/home/ted/ROS/sandbox/sample_action_server/build/CMakeFiles/CMakeTmp'
Makefile:126: recipe for target 'cmTC_0c24b/fast' failed
make[1]: *** [cmTC_0c24b/fast] Error 2
make[1]: Leaving directory '/home/ted/ROS/sandbox/sample_action_server/build/CMakeFiles/CMakeTmp'

File /home/ted/ROS/sandbox/sample_action_server/build/CMakeFiles/CMakeTmp/CheckSymbolExists.c:
/* */
#include <pthread.h>

int main(int argc, char** argv)
{
  (void)argv;
#ifndef pthread_create
  return ((int*)(&pthread_create))[argc];
#else
  (void)argc;
  return 0;
#endif
}

Determining if the function pthread_create exists in the pthreads failed with the following output:
Change Dir: /home/ted/ROS/sandbox/sample_action_server/build/CMakeFiles/CMakeTmp

Run Build Command:"/usr/bin/make" "cmTC_52069/fast"
make[1]: Entering directory '/home/ted/ROS/sandbox/sample_action_server/build/CMakeFiles/CMakeTmp'
/usr/bin/make -f CMakeFiles/cmTC_52069.dir/build.make CMakeFiles/cmTC_52069.dir/build
make[2]: Entering directory '/home/ted/ROS/sandbox/sample_action_server/build/CMakeFiles/CMakeTmp'
Building C object CMakeFiles/cmTC_52069.dir/CheckFunctionExists.c.o
/usr/bin/cc   -DCHECK_FUNCTION_EXISTS=pthread_create   -o CMakeFiles/cmTC_52069.dir/CheckFunctionExists.c.o   -c /usr/share/cmake-3.10/Modules/CheckFunctionExists.c
Linking C executable cmTC_52069
/usr/bin/cmake -E cmake_link_script CMakeFiles/cmTC_52069.dir/link.txt --verbose=1
/usr/bin/cc  -DCHECK_FUNCTION_EXISTS=pthread_create    -rdynamic CMakeFiles/cmTC_52069.dir/CheckFunctionExists.c.o  -o cmTC_52069 -lpthreads 
/usr/bin/x86_64-linux-gnu-ld: cannot find -lpthreads
collect2: error: ld returned 1 exit status
CMakeFiles/cmTC_52069.dir/build.make:97: recipe for target 'cmTC_52069' failed
make[2]: *** [cmTC_52069] Error 1
make[2]: Leaving directory '/home/ted/ROS/sandbox/sample_action_server/build/CMakeFiles/CMakeTmp'
Makefile:126: recipe for target 'cmTC_52069/fast' failed
make[1]: *** [cmTC_52069/fast] Error 2
make[1]: Leaving directory '/home/ted/ROS/sandbox/sample_action_server/build/CMakeFiles/CMakeTmp'


